<?xml version="1.0" encoding="UTF-8" standalone="no"?>
<testsuite errors="0" failures="0" name="io.cucumber.core.plugin.JUnitFormatter" skipped="0" tests="6" time="0.792">
    <testcase classname="Can calculate numbers correctly?" name="3.0 add 4.0 is 7.0" time="0.171">
        <system-out><![CDATA[Given a calculator..........................................................passed
When 3.0 and 4.0 are added..................................................passed
Then the result should be 7.0...............................................passed
]]></system-out>
    </testcase>
    <testcase classname="Can calculate numbers correctly?" name="89.0 add 9.0 is 98.0" time="0.012">
        <system-out><![CDATA[Given a calculator..........................................................passed
When 89.0 and 9.0 are added.................................................passed
Then the result should be 98.0..............................................passed
]]></system-out>
    </testcase>
    <testcase classname="Can calculate numbers correctly?" name="9.0 add 89.0 is 98.0" time="0.013">
        <system-out><![CDATA[Given a calculator..........................................................passed
When 9.0 and 89.0 are added.................................................passed
Then the result should be 98.0..............................................passed
]]></system-out>
    </testcase>
    <testcase classname="Can calculate numbers correctly?" name="0.0 add 3.0 is 3.0" time="0.012">
        <system-out><![CDATA[Given a calculator..........................................................passed
When 0.0 and 3.0 are added..................................................passed
Then the result should be 3.0...............................................passed
]]></system-out>
    </testcase>
    <testcase classname="Can calculate numbers correctly?" name="0.0 add -3.0 is -3.0" time="0.006">
        <system-out><![CDATA[Given a calculator..........................................................passed
When 0.0 and -3.0 are added.................................................passed
Then the result should be -3.0..............................................passed
]]></system-out>
    </testcase>
    <testcase classname="Can calculate numbers correctly?" name="2.5 add 2.5 is 5.00" time="0.017">
        <system-out><![CDATA[Given a calculator..........................................................passed
When 2.5 and 2.5 are added..................................................passed
Then the result should be 5.00..............................................passed
]]></system-out>
    </testcase>
</testsuite>
